<?xml version="1.0" encoding="UTF-8"?>
<!-- Generated by org.testng.reporters.JUnitXMLReporter -->
<testsuite ignored="5" hostname="LAPTOP-CN7K2MB8" failures="0" tests="1" name="Default test" time="14.914" errors="0" timestamp="2026-04-17T16:59:42 IST">
  <testcase classname="test.ProductsTest" name="TC13VerifyProductQuantityInCart" time="7.768"/>
  <testcase classname="test.ProductsTest" name="TC08verifyAllProductsAndProductDetailPage" time="0.0">
    <ignored/>
  </testcase> <!-- TC08verifyAllProductsAndProductDetailPage -->
  <testcase classname="test.ProductsTest" name="TC11VerifySubscriptionInCartPage" time="0.0">
    <ignored/>
  </testcase> <!-- TC11VerifySubscriptionInCartPage -->
  <testcase classname="test.ProductsTest" name="TC12AddToCart" time="0.0">
    <ignored/>
  </testcase> <!-- TC12AddToCart -->
  <testcase classname="test.ProductsTest" name="TC17RemoveFromCart" time="0.0">
    <ignored/>
  </testcase> <!-- TC17RemoveFromCart -->
  <testcase classname="test.ProductsTest" name="TC9SearchProduct" time="0.0">
    <ignored/>
  </testcase> <!-- TC9SearchProduct -->
</testsuite> <!-- Default test -->
