<?xml version="1.0" encoding="UTF-8"?>
<testng-results ignored="5" total="6" passed="1" failed="0" skipped="0">
  <reporter-output>
  </reporter-output>
  <suite started-at="2026-04-17T16:59:27 IST" name="Default suite" finished-at="2026-04-17T16:59:42 IST" duration-ms="14914">
    <groups>
    </groups>
    <test started-at="2026-04-17T16:59:27 IST" name="Default test" finished-at="2026-04-17T16:59:42 IST" duration-ms="14914">
      <class name="test.ProductsTest">
        <test-method is-config="true" signature="Setup()[pri:0, instance:test.ProductsTest@233795b6]" started-at="2026-04-17T16:59:27 IST" name="Setup" finished-at="2026-04-17T16:59:33 IST" duration-ms="6740" status="PASS">
          <reporter-output>
          </reporter-output>
        </test-method> <!-- Setup -->
        <test-method signature="TC13VerifyProductQuantityInCart()[pri:0, instance:test.ProductsTest@233795b6]" started-at="2026-04-17T16:59:33 IST" name="TC13VerifyProductQuantityInCart" finished-at="2026-04-17T16:59:41 IST" duration-ms="7768" status="PASS">
          <reporter-output>
          </reporter-output>
        </test-method> <!-- TC13VerifyProductQuantityInCart -->
        <test-method is-config="true" signature="TearDown()[pri:0, instance:test.ProductsTest@233795b6]" started-at="2026-04-17T16:59:41 IST" name="TearDown" finished-at="2026-04-17T16:59:42 IST" duration-ms="333" status="PASS">
          <reporter-output>
          </reporter-output>
        </test-method> <!-- TearDown -->
      </class> <!-- test.ProductsTest -->
    </test> <!-- Default test -->
  </suite> <!-- Default suite -->
</testng-results>
