<?xml version="1.0" encoding="UTF-8"?>
<!-- Generated by org.testng.reporters.JUnitReportReporter -->
<testsuite hostname="LAPTOP-CN7K2MB8" failures="0" tests="7" name="test.LoginTest" time="0.394" errors="0" timestamp="2026-04-17T12:10:08 IST" skipped="6">
  <testcase classname="test.LoginTest" name="TC10VerifySubscriptionInHomePage" time="0.394"/>
  <testcase classname="test.LoginTest" name="TC07VerifyTestCasesPage">
    <skipped/>
  </testcase> <!-- TC07VerifyTestCasesPage -->
  <testcase classname="test.LoginTest" name="TC5RegisterUserWithExistingEmail">
    <skipped/>
  </testcase> <!-- TC5RegisterUserWithExistingEmail -->
  <testcase classname="test.LoginTest" name="TC4LogoutUser">
    <skipped/>
  </testcase> <!-- TC4LogoutUser -->
  <testcase classname="test.LoginTest" name="TC2LoginWithValidCredentials">
    <skipped/>
  </testcase> <!-- TC2LoginWithValidCredentials -->
  <testcase classname="test.LoginTest" name="TC1RegisterUser">
    <skipped/>
  </testcase> <!-- TC1RegisterUser -->
  <testcase classname="test.LoginTest" name="TC3LoginWithInvalidCredentails">
    <skipped/>
  </testcase> <!-- TC3LoginWithInvalidCredentails -->
</testsuite> <!-- test.LoginTest -->
