<?xml version="1.0" encoding="UTF-8"?>
<!-- Generated by org.testng.reporters.JUnitReportReporter -->
<testsuite hostname="LAPTOP-CN7K2MB8" failures="0" tests="6" name="test.ProductsTest" time="7.768" errors="0" timestamp="2026-04-17T16:59:42 IST" skipped="5">
  <testcase classname="test.ProductsTest" name="TC13VerifyProductQuantityInCart" time="7.768"/>
  <testcase classname="test.ProductsTest" name="TC08verifyAllProductsAndProductDetailPage">
    <skipped/>
  </testcase> <!-- TC08verifyAllProductsAndProductDetailPage -->
  <testcase classname="test.ProductsTest" name="TC11VerifySubscriptionInCartPage">
    <skipped/>
  </testcase> <!-- TC11VerifySubscriptionInCartPage -->
  <testcase classname="test.ProductsTest" name="TC12AddToCart">
    <skipped/>
  </testcase> <!-- TC12AddToCart -->
  <testcase classname="test.ProductsTest" name="TC17RemoveFromCart">
    <skipped/>
  </testcase> <!-- TC17RemoveFromCart -->
  <testcase classname="test.ProductsTest" name="TC9SearchProduct">
    <skipped/>
  </testcase> <!-- TC9SearchProduct -->
</testsuite> <!-- test.ProductsTest -->
